NOTE: This module uses Apptainer (Singularity). Some commands execute inside
the container (e.g. python3, pip3).

NOTE: This module uses Apptainer (Singularity). Some commands execute inside
the container (e.g. python3, pip3).

Loading checkpoint shards:   0%|          | 0/4 [00:00<?, ?it/s]Loading checkpoint shards:  25%|██▌       | 1/4 [00:15<00:47, 16.00s/it]Loading checkpoint shards:   0%|          | 0/4 [00:00<?, ?it/s]Loading checkpoint shards:  50%|█████     | 2/4 [00:32<00:32, 16.47s/it]Loading checkpoint shards:  25%|██▌       | 1/4 [00:15<00:45, 15.26s/it]Loading checkpoint shards:  75%|███████▌  | 3/4 [00:54<00:18, 18.69s/it]Loading checkpoint shards:  50%|█████     | 2/4 [00:37<00:38, 19.09s/it]Loading checkpoint shards: 100%|██████████| 4/4 [01:08<00:00, 16.91s/it]Loading checkpoint shards: 100%|██████████| 4/4 [01:08<00:00, 17.08s/it]
Special tokens have been added in the vocabulary, make sure the associated word embeddings are fine-tuned or trained.
[I 2024-05-16 22:58:28,179] A new study created in memory with name: no-name-5f900003-972f-47eb-9b5a-318fa4383c32
/scratch/project_2005072/cassandra/.venv/lib64/python3.9/site-packages/transformers/generation/configuration_utils.py:415: UserWarning: `do_sample` is set to `False`. However, `top_p` is set to `0.8` -- this flag is only used in sample-based generation modes. You should set `do_sample=True` or unset `top_p`.
  warnings.warn(
/scratch/project_2005072/cassandra/.venv/lib64/python3.9/site-packages/transformers/generation/configuration_utils.py:427: UserWarning: `do_sample` is set to `False`. However, `top_k` is set to `20` -- this flag is only used in sample-based generation modes. You should set `do_sample=True` or unset `top_k`.
  warnings.warn(
Loading checkpoint shards:  75%|███████▌  | 3/4 [00:57<00:19, 19.64s/it]Loading checkpoint shards: 100%|██████████| 4/4 [01:11<00:00, 17.40s/it]Loading checkpoint shards: 100%|██████████| 4/4 [01:11<00:00, 17.82s/it]
Special tokens have been added in the vocabulary, make sure the associated word embeddings are fine-tuned or trained.
[I 2024-05-16 22:58:59,255] A new study created in memory with name: no-name-813eab8e-d8c6-4a62-95c7-d41ca2e1a57f
[I 2024-05-16 23:02:09,638] Trial 0 finished with value: 0.04176191111533283 and parameters: {'window_size': 60, 'do_sample': False}. Best is trial 0 with value: 0.04176191111533283.
[I 2024-05-16 23:07:34,175] Trial 0 finished with value: 0.044448853330450164 and parameters: {'window_size': 16, 'do_sample': True, 'temperature': 0.699141227356604, 'beam_search': True, 'num_beams': 3}. Best is trial 0 with value: 0.044448853330450164.
/scratch/project_2005072/cassandra/.venv/lib64/python3.9/site-packages/transformers/generation/configuration_utils.py:415: UserWarning: `do_sample` is set to `False`. However, `top_p` is set to `0.8` -- this flag is only used in sample-based generation modes. You should set `do_sample=True` or unset `top_p`.
  warnings.warn(
/scratch/project_2005072/cassandra/.venv/lib64/python3.9/site-packages/transformers/generation/configuration_utils.py:427: UserWarning: `do_sample` is set to `False`. However, `top_k` is set to `20` -- this flag is only used in sample-based generation modes. You should set `do_sample=True` or unset `top_k`.
  warnings.warn(
[I 2024-05-16 23:09:27,245] Trial 1 finished with value: 0.040414309685673916 and parameters: {'window_size': 155, 'do_sample': True, 'temperature': 0.170750901809261, 'beam_search': False}. Best is trial 1 with value: 0.040414309685673916.
[I 2024-05-16 23:19:19,869] Trial 2 finished with value: 0.04212396684358625 and parameters: {'window_size': 448, 'do_sample': True, 'temperature': 0.4619260928132387, 'beam_search': True, 'num_beams': 3}. Best is trial 1 with value: 0.040414309685673916.
[I 2024-05-16 23:25:25,968] Trial 3 finished with value: 0.04012006303364561 and parameters: {'window_size': 264, 'do_sample': False}. Best is trial 3 with value: 0.04012006303364561.
[I 2024-05-16 23:31:15,654] Trial 1 finished with value: 0.04129956642711001 and parameters: {'window_size': 200, 'do_sample': False}. Best is trial 1 with value: 0.04129956642711001.
[I 2024-05-16 23:37:26,331] Trial 4 finished with value: 0.03927891134266339 and parameters: {'window_size': 229, 'do_sample': True, 'temperature': 0.4155317975346823, 'beam_search': True, 'num_beams': 2}. Best is trial 4 with value: 0.03927891134266339.
[I 2024-05-16 23:52:58,985] Trial 5 finished with value: 0.03940762838980648 and parameters: {'window_size': 237, 'do_sample': True, 'temperature': 0.8499516484218338, 'beam_search': True, 'num_beams': 6}. Best is trial 4 with value: 0.03927891134266339.
[I 2024-05-16 23:55:02,435] Trial 2 finished with value: 0.039355987725627414 and parameters: {'window_size': 301, 'do_sample': False}. Best is trial 2 with value: 0.039355987725627414.
[I 2024-05-17 00:02:17,790] Trial 6 finished with value: 0.041872146233821524 and parameters: {'window_size': 76, 'do_sample': True, 'temperature': 0.2531635016933237, 'beam_search': True, 'num_beams': 5}. Best is trial 4 with value: 0.03927891134266339.
[I 2024-05-17 00:04:49,138] Trial 7 finished with value: 0.041758545008643094 and parameters: {'window_size': 61, 'do_sample': False}. Best is trial 4 with value: 0.03927891134266339.
[I 2024-05-17 00:08:54,368] Trial 8 finished with value: 0.04200955696499007 and parameters: {'window_size': 496, 'do_sample': False}. Best is trial 4 with value: 0.03927891134266339.
[I 2024-05-17 00:17:12,907] Trial 3 finished with value: 0.041900995700345195 and parameters: {'window_size': 355, 'do_sample': True, 'temperature': 0.06360131880402231, 'beam_search': True, 'num_beams': 4}. Best is trial 2 with value: 0.039355987725627414.
[I 2024-05-17 00:20:18,513] Trial 9 finished with value: 0.04219842059896539 and parameters: {'window_size': 484, 'do_sample': True, 'temperature': 0.16204588818097043, 'beam_search': True, 'num_beams': 5}. Best is trial 4 with value: 0.03927891134266339.
[I 2024-05-17 00:24:42,426] Trial 10 finished with value: 0.04202501980033685 and parameters: {'window_size': 354, 'do_sample': True, 'temperature': 0.7679943691778246, 'beam_search': False}. Best is trial 4 with value: 0.03927891134266339.
[I 2024-05-17 00:36:58,127] Trial 11 finished with value: 0.042092534743803485 and parameters: {'window_size': 219, 'do_sample': True, 'temperature': 0.9332356513225546, 'beam_search': True, 'num_beams': 2}. Best is trial 4 with value: 0.03927891134266339.
[I 2024-05-17 00:40:05,284] Trial 4 finished with value: 0.03984434908514888 and parameters: {'window_size': 230, 'do_sample': False}. Best is trial 2 with value: 0.039355987725627414.
[I 2024-05-17 00:48:28,461] Trial 12 finished with value: 0.0400062254284975 and parameters: {'window_size': 307, 'do_sample': True, 'temperature': 0.588083817549515, 'beam_search': True, 'num_beams': 6}. Best is trial 4 with value: 0.03927891134266339.
[I 2024-05-17 00:54:36,767] Trial 5 finished with value: 0.0445166017514872 and parameters: {'window_size': 75, 'do_sample': False}. Best is trial 2 with value: 0.039355987725627414.
[I 2024-05-17 01:00:24,685] Trial 13 finished with value: 0.04010365033122352 and parameters: {'window_size': 178, 'do_sample': True, 'temperature': 0.4965069193122358, 'beam_search': True, 'num_beams': 2}. Best is trial 4 with value: 0.03927891134266339.
[I 2024-05-17 01:10:56,328] Trial 14 finished with value: 0.0412610584818998 and parameters: {'window_size': 372, 'do_sample': True, 'temperature': 0.976433196631609, 'beam_search': True, 'num_beams': 4}. Best is trial 4 with value: 0.03927891134266339.
[I 2024-05-17 01:13:26,856] Trial 6 finished with value: 0.04243661105958654 and parameters: {'window_size': 484, 'do_sample': True, 'temperature': 0.027911290245242637, 'beam_search': True, 'num_beams': 2}. Best is trial 2 with value: 0.039355987725627414.
[I 2024-05-17 01:16:01,391] Trial 15 finished with value: 0.04047967530567429 and parameters: {'window_size': 145, 'do_sample': True, 'temperature': 0.7033910642981872, 'beam_search': False}. Best is trial 4 with value: 0.03927891134266339.
[I 2024-05-17 01:26:04,318] Trial 16 finished with value: 0.04004672345836405 and parameters: {'window_size': 254, 'do_sample': True, 'temperature': 0.3447306901627707, 'beam_search': True, 'num_beams': 6}. Best is trial 4 with value: 0.03927891134266339.
[I 2024-05-17 01:29:24,559] Trial 7 finished with value: 0.04139801795652913 and parameters: {'window_size': 94, 'do_sample': True, 'temperature': 0.3572510723059513, 'beam_search': False}. Best is trial 2 with value: 0.039355987725627414.
[I 2024-05-17 01:36:30,764] Trial 17 finished with value: 0.03958240653454418 and parameters: {'window_size': 321, 'do_sample': True, 'temperature': 0.8102496398519728, 'beam_search': True, 'num_beams': 4}. Best is trial 4 with value: 0.03927891134266339.
[I 2024-05-17 01:42:04,037] Trial 18 finished with value: 0.03959289557704603 and parameters: {'window_size': 219, 'do_sample': False}. Best is trial 4 with value: 0.03927891134266339.
[I 2024-05-17 01:44:19,199] Trial 19 finished with value: 0.0445108343484999 and parameters: {'window_size': 14, 'do_sample': True, 'temperature': 0.01332778692166825, 'beam_search': True, 'num_beams': 3}. Best is trial 4 with value: 0.03927891134266339.
[I 2024-05-17 01:49:02,242] Trial 20 finished with value: 0.04073103226370132 and parameters: {'window_size': 413, 'do_sample': True, 'temperature': 0.6077434230615901, 'beam_search': False}. Best is trial 4 with value: 0.03927891134266339.
[I 2024-05-17 01:49:20,542] Trial 8 finished with value: 0.04211184412101701 and parameters: {'window_size': 454, 'do_sample': False}. Best is trial 2 with value: 0.039355987725627414.
[I 2024-05-17 01:58:06,240] Trial 21 finished with value: 0.0416744908968721 and parameters: {'window_size': 320, 'do_sample': True, 'temperature': 0.7700598032609013, 'beam_search': True, 'num_beams': 4}. Best is trial 4 with value: 0.03927891134266339.
[I 2024-05-17 02:08:23,589] Trial 22 finished with value: 0.03937230240283914 and parameters: {'window_size': 268, 'do_sample': True, 'temperature': 0.8835463999448152, 'beam_search': True, 'num_beams': 4}. Best is trial 4 with value: 0.03927891134266339.
[I 2024-05-17 02:09:49,058] Trial 9 finished with value: 0.039854478694084976 and parameters: {'window_size': 296, 'do_sample': False}. Best is trial 2 with value: 0.039355987725627414.
[I 2024-05-17 02:18:56,420] Trial 23 finished with value: 0.03916655377319805 and parameters: {'window_size': 262, 'do_sample': True, 'temperature': 0.8459885019658058, 'beam_search': True, 'num_beams': 3}. Best is trial 23 with value: 0.03916655377319805.
[I 2024-05-17 02:28:22,723] Trial 24 finished with value: 0.039310912113290374 and parameters: {'window_size': 285, 'do_sample': True, 'temperature': 0.3863339971221739, 'beam_search': True, 'num_beams': 3}. Best is trial 23 with value: 0.03916655377319805.
[I 2024-05-17 02:30:53,895] Trial 10 finished with value: 0.0418083526227198 and parameters: {'window_size': 369, 'do_sample': False}. Best is trial 2 with value: 0.039355987725627414.
[I 2024-05-17 02:40:50,516] Trial 25 finished with value: 0.04029804266479852 and parameters: {'window_size': 183, 'do_sample': True, 'temperature': 0.37808910293538045, 'beam_search': True, 'num_beams': 3}. Best is trial 23 with value: 0.03916655377319805.
[I 2024-05-17 02:48:33,127] Trial 26 finished with value: 0.041358404680034 and parameters: {'window_size': 298, 'do_sample': True, 'temperature': 0.3888662683535776, 'beam_search': True, 'num_beams': 2}. Best is trial 23 with value: 0.03916655377319805.
[I 2024-05-17 02:52:50,006] Trial 27 finished with value: 0.0417869481708544 and parameters: {'window_size': 129, 'do_sample': False}. Best is trial 23 with value: 0.03916655377319805.
[I 2024-05-17 02:54:26,110] Trial 11 finished with value: 0.039257961467586616 and parameters: {'window_size': 229, 'do_sample': False}. Best is trial 11 with value: 0.039257961467586616.
[I 2024-05-17 02:57:09,989] Trial 28 finished with value: 0.03919975984472505 and parameters: {'window_size': 370, 'do_sample': True, 'temperature': 0.6172954830879694, 'beam_search': False}. Best is trial 23 with value: 0.03916655377319805.
[I 2024-05-17 03:01:36,777] Trial 29 finished with value: 0.040654265633605614 and parameters: {'window_size': 366, 'do_sample': False}. Best is trial 23 with value: 0.03916655377319805.
[I 2024-05-17 03:06:17,818] Trial 30 finished with value: 0.040569176522063585 and parameters: {'window_size': 342, 'do_sample': True, 'temperature': 0.6271742850273825, 'beam_search': False}. Best is trial 23 with value: 0.03916655377319805.
[I 2024-05-17 03:10:39,868] Trial 31 finished with value: 0.041886559923904026 and parameters: {'window_size': 395, 'do_sample': True, 'temperature': 0.5575253986128218, 'beam_search': False}. Best is trial 23 with value: 0.03916655377319805.
[I 2024-05-17 03:15:10,723] Trial 32 finished with value: 0.039722115455621834 and parameters: {'window_size': 283, 'do_sample': True, 'temperature': 0.45894617543792265, 'beam_search': False}. Best is trial 23 with value: 0.03916655377319805.
[I 2024-05-17 03:19:44,997] Trial 12 finished with value: 0.041902403875602304 and parameters: {'window_size': 166, 'do_sample': False}. Best is trial 11 with value: 0.039257961467586616.
[I 2024-05-17 03:20:34,446] Trial 33 finished with value: 0.04117879092731048 and parameters: {'window_size': 200, 'do_sample': True, 'temperature': 0.6896495196367306, 'beam_search': False}. Best is trial 23 with value: 0.03916655377319805.
[I 2024-05-17 03:30:39,402] Trial 34 finished with value: 0.0410548784561737 and parameters: {'window_size': 440, 'do_sample': True, 'temperature': 0.2768348033253011, 'beam_search': True, 'num_beams': 3}. Best is trial 23 with value: 0.03916655377319805.
[I 2024-05-17 03:34:42,193] Trial 35 finished with value: 0.040685692847444735 and parameters: {'window_size': 242, 'do_sample': True, 'temperature': 0.422238595671077, 'beam_search': False}. Best is trial 23 with value: 0.03916655377319805.
[I 2024-05-17 03:40:22,522] Trial 13 finished with value: 0.039699261393368955 and parameters: {'window_size': 298, 'do_sample': False}. Best is trial 11 with value: 0.039257961467586616.
[I 2024-05-17 03:45:03,042] Trial 36 finished with value: 0.03939563586523863 and parameters: {'window_size': 333, 'do_sample': True, 'temperature': 0.529253405762208, 'beam_search': True, 'num_beams': 2}. Best is trial 23 with value: 0.03916655377319805.
[I 2024-05-17 03:48:31,289] Trial 37 finished with value: 0.042464277444335 and parameters: {'window_size': 102, 'do_sample': False}. Best is trial 23 with value: 0.03916655377319805.
[I 2024-05-17 03:53:43,782] Trial 38 finished with value: 0.03966054368208113 and parameters: {'window_size': 278, 'do_sample': True, 'temperature': 0.2779663261938369, 'beam_search': False}. Best is trial 23 with value: 0.03916655377319805.
[I 2024-05-17 04:01:05,620] Trial 14 finished with value: 0.0416192953374214 and parameters: {'window_size': 373, 'do_sample': False}. Best is trial 11 with value: 0.039257961467586616.
[I 2024-05-17 04:03:43,797] Trial 39 finished with value: 0.03992289068784507 and parameters: {'window_size': 387, 'do_sample': True, 'temperature': 0.6864484156748549, 'beam_search': True, 'num_beams': 3}. Best is trial 23 with value: 0.03916655377319805.
[I 2024-05-17 04:08:56,434] Trial 40 finished with value: 0.040267314824454475 and parameters: {'window_size': 225, 'do_sample': False}. Best is trial 23 with value: 0.03916655377319805.
[I 2024-05-17 04:18:19,689] Trial 41 finished with value: 0.03925899689897157 and parameters: {'window_size': 266, 'do_sample': True, 'temperature': 0.8972797406847104, 'beam_search': True, 'num_beams': 3}. Best is trial 23 with value: 0.03916655377319805.
[I 2024-05-17 04:24:05,258] Trial 15 finished with value: 0.041124087769515344 and parameters: {'window_size': 151, 'do_sample': False}. Best is trial 11 with value: 0.039257961467586616.
[I 2024-05-17 04:28:02,364] Trial 42 finished with value: 0.03816140264422409 and parameters: {'window_size': 292, 'do_sample': True, 'temperature': 0.9270087944520715, 'beam_search': True, 'num_beams': 3}. Best is trial 42 with value: 0.03816140264422409.
[I 2024-05-17 04:35:50,588] Trial 43 finished with value: 0.04291014777745526 and parameters: {'window_size': 257, 'do_sample': True, 'temperature': 0.9032201662835659, 'beam_search': True, 'num_beams': 2}. Best is trial 42 with value: 0.03816140264422409.
[I 2024-05-17 04:46:17,108] Trial 44 finished with value: 0.03981808121284474 and parameters: {'window_size': 202, 'do_sample': True, 'temperature': 0.9840306715290351, 'beam_search': True, 'num_beams': 3}. Best is trial 42 with value: 0.03816140264422409.
[I 2024-05-17 04:47:48,072] Trial 16 finished with value: 0.03918397043191774 and parameters: {'window_size': 285, 'do_sample': False}. Best is trial 16 with value: 0.03918397043191774.
[I 2024-05-17 04:55:55,659] Trial 45 finished with value: 0.039889399084453374 and parameters: {'window_size': 303, 'do_sample': True, 'temperature': 0.839659441027098, 'beam_search': True, 'num_beams': 2}. Best is trial 42 with value: 0.03816140264422409.
[I 2024-05-17 05:07:50,743] Trial 17 finished with value: 0.04000866874427059 and parameters: {'window_size': 260, 'do_sample': False}. Best is trial 16 with value: 0.03918397043191774.
[I 2024-05-17 05:08:50,344] Trial 46 finished with value: 0.04106880768025787 and parameters: {'window_size': 165, 'do_sample': True, 'temperature': 0.9377506665414241, 'beam_search': True, 'num_beams': 3}. Best is trial 42 with value: 0.03816140264422409.
[I 2024-05-17 05:19:12,789] Trial 47 finished with value: 0.038116044154094524 and parameters: {'window_size': 242, 'do_sample': True, 'temperature': 0.7717496893792206, 'beam_search': True, 'num_beams': 3}. Best is trial 47 with value: 0.038116044154094524.
[I 2024-05-17 05:26:31,784] Trial 18 finished with value: 0.042267653396069485 and parameters: {'window_size': 422, 'do_sample': True, 'temperature': 0.9940239549191523, 'beam_search': False}. Best is trial 16 with value: 0.03918397043191774.
[I 2024-05-17 05:29:21,287] Trial 48 finished with value: 0.03966069671186641 and parameters: {'window_size': 247, 'do_sample': True, 'temperature': 0.7715846827969677, 'beam_search': True, 'num_beams': 4}. Best is trial 47 with value: 0.038116044154094524.
[I 2024-05-17 05:33:48,100] Trial 49 finished with value: 0.04145628562981761 and parameters: {'window_size': 447, 'do_sample': True, 'temperature': 0.8551270552609166, 'beam_search': False}. Best is trial 47 with value: 0.038116044154094524.
[I 2024-05-17 05:49:44,391] Trial 19 finished with value: 0.039810167395873876 and parameters: {'window_size': 241, 'do_sample': False}. Best is trial 16 with value: 0.03918397043191774.
[I 2024-05-17 06:11:02,393] Trial 20 finished with value: 0.040879758794687054 and parameters: {'window_size': 142, 'do_sample': False}. Best is trial 16 with value: 0.03918397043191774.
[I 2024-05-17 06:32:07,135] Trial 21 finished with value: 0.042220341051142224 and parameters: {'window_size': 309, 'do_sample': False}. Best is trial 16 with value: 0.03918397043191774.
[I 2024-05-17 06:51:27,009] Trial 22 finished with value: 0.04221967022113358 and parameters: {'window_size': 332, 'do_sample': False}. Best is trial 16 with value: 0.03918397043191774.
[I 2024-05-17 07:12:18,201] Trial 23 finished with value: 0.03998055091249051 and parameters: {'window_size': 267, 'do_sample': False}. Best is trial 16 with value: 0.03918397043191774.
[I 2024-05-17 07:35:50,854] Trial 24 finished with value: 0.04339642256159473 and parameters: {'window_size': 194, 'do_sample': False}. Best is trial 16 with value: 0.03918397043191774.
[I 2024-05-17 07:53:24,939] Trial 25 finished with value: 0.04247912753042914 and parameters: {'window_size': 408, 'do_sample': False}. Best is trial 16 with value: 0.03918397043191774.
[I 2024-05-17 08:15:10,926] Trial 26 finished with value: 0.0412542986558108 and parameters: {'window_size': 208, 'do_sample': False}. Best is trial 16 with value: 0.03918397043191774.
[I 2024-05-17 08:37:45,949] Trial 27 finished with value: 0.04160112364718097 and parameters: {'window_size': 283, 'do_sample': True, 'temperature': 0.54500303372376, 'beam_search': False}. Best is trial 16 with value: 0.03918397043191774.
slurmstepd: error: *** JOB 21623863 ON r16g03 CANCELLED AT 2024-05-17T08:52:43 DUE TO TIME LIMIT ***
